\BOOKMARK [1][-]{section.1}{概述}{}% 1
\BOOKMARK [2][-]{subsection.1.1}{转发和路由选择}{section.1}% 2
\BOOKMARK [2][-]{subsection.1.2}{网络服务模型}{section.1}% 3
\BOOKMARK [1][-]{section.2}{虚电路和数据报网络}{}% 4
\BOOKMARK [2][-]{subsection.2.1}{虚电路网络}{section.2}% 5
\BOOKMARK [2][-]{subsection.2.2}{数据报网络}{section.2}% 6
\BOOKMARK [1][-]{section.3}{路由器工作原理}{}% 7
\BOOKMARK [2][-]{subsection.3.1}{输入端口}{section.3}% 8
\BOOKMARK [2][-]{subsection.3.2}{交换结构}{section.3}% 9
\BOOKMARK [2][-]{subsection.3.3}{何处出现排队}{section.3}% 10
\BOOKMARK [1][-]{section.4}{网际协议：因特网中的转发和编址}{}% 11
\BOOKMARK [2][-]{subsection.4.1}{数据报格式}{section.4}% 12
\BOOKMARK [3][-]{subsubsection.4.1.1}{IP数据报分片}{subsection.4.1}% 13
\BOOKMARK [2][-]{subsection.4.2}{IPv4编址}{section.4}% 14
\BOOKMARK [3][-]{subsubsection.4.2.1}{获取一块地址}{subsection.4.2}% 15
\BOOKMARK [3][-]{subsubsection.4.2.2}{动态主机配置协议}{subsection.4.2}% 16
\BOOKMARK [3][-]{subsubsection.4.2.3}{网络地址转换}{subsection.4.2}% 17
\BOOKMARK [3][-]{subsubsection.4.2.4}{UPnP}{subsection.4.2}% 18
\BOOKMARK [2][-]{subsection.4.3}{因特网控制报文协议}{section.4}% 19
\BOOKMARK [2][-]{subsection.4.4}{IPv6}{section.4}% 20
\BOOKMARK [3][-]{subsubsection.4.4.1}{从IPv4到IPv6的迁移}{subsection.4.4}% 21
\BOOKMARK [3][-]{subsubsection.4.4.2}{涉足IP安全性}{subsection.4.4}% 22
\BOOKMARK [1][-]{section.5}{路由选择算法}{}% 23
\BOOKMARK [2][-]{subsection.5.1}{路由选择算法的分类}{section.5}% 24
\BOOKMARK [2][-]{subsection.5.2}{链路状态路由选择算法}{section.5}% 25
\BOOKMARK [2][-]{subsection.5.3}{距离向量路由选择算法}{section.5}% 26
\BOOKMARK [3][-]{subsubsection.5.3.1}{距离向量算法：链路费用改变与链路故障}{subsection.5.3}% 27
\BOOKMARK [3][-]{subsubsection.5.3.2}{距离向量算法：增加毒性逆转}{subsection.5.3}% 28
\BOOKMARK [2][-]{subsection.5.4}{层次路由选择}{section.5}% 29
