\BOOKMARK [1][-]{section.1}{概述和运输层服务}{}% 1
\BOOKMARK [2][-]{subsection.1.1}{运输层和网络层的关系}{section.1}% 2
\BOOKMARK [2][-]{subsection.1.2}{因特网运输层概述}{section.1}% 3
\BOOKMARK [1][-]{section.2}{多路复用与多路分解}{}% 4
\BOOKMARK [2][-]{subsection.2.1}{无连接的多路复用与多路分解}{section.2}% 5
\BOOKMARK [2][-]{subsection.2.2}{面向连接的多路复用与多路分解}{section.2}% 6
\BOOKMARK [1][-]{section.3}{无连接运输：UDP}{}% 7
\BOOKMARK [2][-]{subsection.3.1}{UDP报文段结构}{section.3}% 8
\BOOKMARK [2][-]{subsection.3.2}{UDP检验和}{section.3}% 9
\BOOKMARK [1][-]{section.4}{可靠数据传输原理}{}% 10
\BOOKMARK [2][-]{subsection.4.1}{构造可靠数据传输协议}{section.4}% 11
\BOOKMARK [3][-]{subsubsection.4.1.1}{经完全可靠信道的可靠数据传输：rdt1.0}{subsection.4.1}% 12
\BOOKMARK [3][-]{subsubsection.4.1.2}{经具有比特差错信道的可靠数据传输：rdt2.0}{subsection.4.1}% 13
\BOOKMARK [3][-]{subsubsection.4.1.3}{经具有比特差错信道的丢包信道的可靠数据传输：rdt3.0}{subsection.4.1}% 14
\BOOKMARK [2][-]{subsection.4.2}{流水线可靠数据传输协议}{section.4}% 15
\BOOKMARK [3][-]{subsubsection.4.2.1}{回退N步}{subsection.4.2}% 16
\BOOKMARK [3][-]{subsubsection.4.2.2}{选择重传}{subsection.4.2}% 17
\BOOKMARK [2][-]{subsection.4.3}{可靠数据传输机制的总结}{section.4}% 18
\BOOKMARK [2][-]{subsection.4.4}{分组重新排序问题}{section.4}% 19
\BOOKMARK [1][-]{section.5}{面向连接的运输：TCP}{}% 20
\BOOKMARK [2][-]{subsection.5.1}{TCP的基本概念}{section.5}% 21
\BOOKMARK [2][-]{subsection.5.2}{TCP报文段结构}{section.5}% 22
\BOOKMARK [2][-]{subsection.5.3}{往返时间的估计与超时}{section.5}% 23
\BOOKMARK [2][-]{subsection.5.4}{可靠数据传输}{section.5}% 24
\BOOKMARK [3][-]{subsubsection.5.4.1}{超时间隔加倍}{subsection.5.4}% 25
\BOOKMARK [3][-]{subsubsection.5.4.2}{快速重传}{subsection.5.4}% 26
\BOOKMARK [2][-]{subsection.5.5}{流量控制}{section.5}% 27
\BOOKMARK [2][-]{subsection.5.6}{TCP连接管理}{section.5}% 28
\BOOKMARK [1][-]{section.6}{拥塞控制原理}{}% 29
\BOOKMARK [2][-]{subsection.6.1}{拥塞原因与代价}{section.6}% 30
\BOOKMARK [3][-]{subsubsection.6.1.1}{情况1:两个发送方和一台具有无穷大缓存的路由器}{subsection.6.1}% 31
\BOOKMARK [3][-]{subsubsection.6.1.2}{情况2:两个发送方和一台具有有限缓存的路由器}{subsection.6.1}% 32
\BOOKMARK [3][-]{subsubsection.6.1.3}{情况3:4个发送方和具有有限缓存的多台路由器及多跳路径}{subsection.6.1}% 33
\BOOKMARK [2][-]{subsection.6.2}{拥塞控制方法}{section.6}% 34
\BOOKMARK [2][-]{subsection.6.3}{网络辅助的拥塞控制例子：ATM ABR拥塞控制}{section.6}% 35
\BOOKMARK [1][-]{section.7}{TCP拥塞控制}{}% 36
\BOOKMARK [2][-]{subsection.7.1}{如何限制发送流量的速率}{section.7}% 37
\BOOKMARK [2][-]{subsection.7.2}{如何感知拥塞}{section.7}% 38
\BOOKMARK [2][-]{subsection.7.3}{采用何种算法来改变其发送速率}{section.7}% 39
\BOOKMARK [3][-]{subsubsection.7.3.1}{慢启动}{subsection.7.3}% 40
\BOOKMARK [3][-]{subsubsection.7.3.2}{拥塞避免}{subsection.7.3}% 41
\BOOKMARK [3][-]{subsubsection.7.3.3}{快速恢复}{subsection.7.3}% 42
\BOOKMARK [3][-]{subsubsection.7.3.4}{TCP拥塞控制：回顾}{subsection.7.3}% 43
\BOOKMARK [2][-]{subsection.7.4}{TCP的吞吐量}{section.7}% 44
